# JRE version: OpenJDK Runtime Environment Temurin-17.0.6+10 (17.0.6+10) (build 17.0.6+10)
# Java VM: OpenJDK 64-Bit Server VM Temurin-17.0.6+10 (17.0.6+10, mixed mode, emulated-client, tiered, compressed oops, compressed class ptrs, g1 gc, windows-amd64)
GC Precious Log:
 CPUs: 8 total, 8 available
 Memory: 16183M
 Large Page Support: Disabled
 NUMA Support: Disabled
 Compressed Oops: Enabled (Zero based)
 Heap Region Size: 2M
 Heap Min Capacity: 8M
 Heap Initial Capacity: 254M
 Heap Max Capacity: 4046M
 Pre-touch: Disabled
 Parallel Workers: 8
 Concurrent Workers: 2
 Concurrent Refinement Workers: 8
 Periodic GC: Disabled
Heap:
 garbage-first heap   total 90112K, used 56095K [0x0000000703200000, 0x0000000800000000)
  region size 2048K, 15 young (30720K), 1 survivors (2048K)
 Metaspace       used 80639K, committed 82112K, reserved 1130496K
  class space    used 10724K, committed 11392K, reserved 1048576K
GC Heap History (20 events):
Event: 5993.587 GC heap before
{Heap before GC invocations=372 (full 42):
 garbage-first heap   total 96256K, used 72199K [0x0000000703200000, 0x0000000800000000)
  region size 2048K, 24 young (49152K), 3 survivors (6144K)
 Metaspace       used 80627K, committed 82112K, reserved 1130496K
  class space    used 10728K, committed 11392K, reserved 1048576K
}
Event: 5993.590 GC heap after
{Heap after GC invocations=373 (full 42):
 garbage-first heap   total 96256K, used 30374K [0x0000000703200000, 0x0000000800000000)
  region size 2048K, 1 young (2048K), 1 survivors (2048K)
 Metaspace       used 80627K, committed 82112K, reserved 1130496K
  class space    used 10728K, committed 11392K, reserved 1048576K
}
Event: 5993.734 GC heap before
{Heap before GC invocations=373 (full 42):
 garbage-first heap   total 96256K, used 71334K [0x0000000703200000, 0x0000000800000000)
  region size 2048K, 22 young (45056K), 1 survivors (2048K)
 Metaspace       used 80978K, committed 82112K, reserved 1130496K
  class space    used 10753K, committed 11392K, reserved 1048576K
}
Event: 5993.736 GC heap after
{Heap after GC invocations=374 (full 42):
 garbage-first heap   total 96256K, used 31930K [0x0000000703200000, 0x0000000800000000)
  region size 2048K, 2 young (4096K), 2 survivors (4096K)
 Metaspace       used 80978K, committed 82112K, reserved 1130496K
  class space    used 10753K, committed 11392K, reserved 1048576K
}
Event: 5999.377 GC heap before
{Heap before GC invocations=375 (full 42):
 garbage-first heap   total 96256K, used 42170K [0x0000000703200000, 0x0000000800000000)
  region size 2048K, 8 young (16384K), 2 survivors (4096K)
 Metaspace       used 81009K, committed 82112K, reserved 1130496K
  class space    used 10757K, committed 11392K, reserved 1048576K
}
Event: 5999.427 GC heap after
{Heap after GC invocations=376 (full 43):
 garbage-first heap   total 96256K, used 25275K [0x0000000703200000, 0x0000000800000000)
  region size 2048K, 0 young (0K), 0 survivors (0K)
 Metaspace       used 80119K, committed 82112K, reserved 1130496K
  class space    used 10682K, committed 11392K, reserved 1048576K
}
Event: 6000.299 GC heap before
{Heap before GC invocations=376 (full 43):
 garbage-first heap   total 96256K, used 74427K [0x0000000703200000, 0x0000000800000000)
  region size 2048K, 24 young (49152K), 0 survivors (0K)
 Metaspace       used 80391K, committed 82112K, reserved 1130496K
  class space    used 10715K, committed 11392K, reserved 1048576K
}
Event: 6000.301 GC heap after
{Heap after GC invocations=377 (full 43):
 garbage-first heap   total 96256K, used 29303K [0x0000000703200000, 0x0000000800000000)
  region size 2048K, 2 young (4096K), 2 survivors (4096K)
 Metaspace       used 80391K, committed 82112K, reserved 1130496K
  class space    used 10715K, committed 11392K, reserved 1048576K
}
Event: 6000.440 GC heap before
{Heap before GC invocations=378 (full 43):
 garbage-first heap   total 96256K, used 74359K [0x0000000703200000, 0x0000000800000000)
  region size 2048K, 24 young (49152K), 2 survivors (4096K)
 Metaspace       used 80649K, committed 82112K, reserved 1130496K
  class space    used 10732K, committed 11392K, reserved 1048576K
}
Event: 6000.443 GC heap after
{Heap after GC invocations=379 (full 43):
 garbage-first heap   total 96256K, used 30493K [0x0000000703200000, 0x0000000800000000)
  region size 2048K, 1 young (2048K), 1 survivors (2048K)
 Metaspace       used 80649K, committed 82112K, reserved 1130496K
  class space    used 10732K, committed 11392K, reserved 1048576K
}
Event: 6000.579 GC heap before
{Heap before GC invocations=379 (full 43):
 garbage-first heap   total 96256K, used 73501K [0x0000000703200000, 0x0000000800000000)
  region size 2048K, 22 young (45056K), 1 survivors (2048K)
 Metaspace       used 80989K, committed 82112K, reserved 1130496K
  class space    used 10755K, committed 11392K, reserved 1048576K
}
Event: 6000.581 GC heap after
{Heap after GC invocations=380 (full 43):
 garbage-first heap   total 172032K, used 32323K [0x0000000703200000, 0x0000000800000000)
  region size 2048K, 2 young (4096K), 2 survivors (4096K)
 Metaspace       used 80989K, committed 82112K, reserved 1130496K
  class space    used 10755K, committed 11392K, reserved 1048576K
}
Event: 6135.048 GC heap before
{Heap before GC invocations=381 (full 43):
 garbage-first heap   total 143360K, used 114243K [0x0000000703200000, 0x0000000800000000)
  region size 2048K, 42 young (86016K), 2 survivors (4096K)
 Metaspace       used 81039K, committed 82112K, reserved 1130496K
  class space    used 10766K, committed 11392K, reserved 1048576K
}
Event: 6135.053 GC heap after
{Heap after GC invocations=382 (full 43):
 garbage-first heap   total 143360K, used 32601K [0x0000000703200000, 0x0000000800000000)
  region size 2048K, 2 young (4096K), 2 survivors (4096K)
 Metaspace       used 81039K, committed 82112K, reserved 1130496K
  class space    used 10766K, committed 11392K, reserved 1048576K
}
Event: 6179.611 GC heap before
{Heap before GC invocations=382 (full 43):
 garbage-first heap   total 143360K, used 59225K [0x0000000703200000, 0x0000000800000000)
  region size 2048K, 16 young (32768K), 2 survivors (4096K)
 Metaspace       used 81046K, committed 82112K, reserved 1130496K
  class space    used 10767K, committed 11392K, reserved 1048576K
}
Event: 6179.653 GC heap after
{Heap after GC invocations=383 (full 44):
 garbage-first heap   total 90112K, used 23052K [0x0000000703200000, 0x0000000800000000)
  region size 2048K, 0 young (0K), 0 survivors (0K)
 Metaspace       used 80025K, committed 82112K, reserved 1130496K
  class space    used 10668K, committed 11392K, reserved 1048576K
}
Event: 6180.827 GC heap before
{Heap before GC invocations=383 (full 44):
 garbage-first heap   total 90112K, used 68108K [0x0000000703200000, 0x0000000800000000)
  region size 2048K, 23 young (47104K), 0 survivors (0K)
 Metaspace       used 80264K, committed 82112K, reserved 1130496K
  class space    used 10697K, committed 11392K, reserved 1048576K
}
Event: 6180.830 GC heap after
{Heap after GC invocations=384 (full 44):
 garbage-first heap   total 90112K, used 27881K [0x0000000703200000, 0x0000000800000000)
  region size 2048K, 3 young (6144K), 3 survivors (6144K)
 Metaspace       used 80264K, committed 82112K, reserved 1130496K
  class space    used 10697K, committed 11392K, reserved 1048576K
}
Event: 6180.965 GC heap before
{Heap before GC invocations=385 (full 44):
 garbage-first heap   total 90112K, used 66793K [0x0000000703200000, 0x0000000800000000)
  region size 2048K, 22 young (45056K), 3 survivors (6144K)
 Metaspace       used 80487K, committed 82112K, reserved 1130496K
  class space    used 10713K, committed 11392K, reserved 1048576K
}
Event: 6180.968 GC heap after
{Heap after GC invocations=386 (full 44):
 garbage-first heap   total 90112K, used 29471K [0x0000000703200000, 0x0000000800000000)
  region size 2048K, 1 young (2048K), 1 survivors (2048K)
 Metaspace       used 80487K, committed 82112K, reserved 1130496K
  class space    used 10713K, committed 11392K, reserved 1048576K
}

